May 16, 2019 11:15:55 AM com.hibegin.http.server.SimpleWebServer create
INFO: SimpleWebServer listening on port -> 29317
May 16, 2019 11:15:55 AM com.hibegin.http.server.SimpleWebServer listener
INFO: SimpleWebServer is run version -> 0.2
May 16, 2019 11:31:37 AM com.hibegin.http.server.SimpleWebServer create
INFO: SimpleWebServer listening on port -> 22072
May 16, 2019 11:31:37 AM com.hibegin.http.server.SimpleWebServer listener
INFO: SimpleWebServer is run version -> 0.2
May 16, 2019 11:44:19 AM com.hibegin.http.server.SimpleWebServer create
INFO: SimpleWebServer listening on port -> 28246
May 16, 2019 11:44:19 AM com.hibegin.http.server.SimpleWebServer listener
INFO: SimpleWebServer is run version -> 0.2
May 16, 2019 11:52:36 AM com.hibegin.http.server.SimpleWebServer create
INFO: SimpleWebServer listening on port -> 23814
May 16, 2019 11:52:36 AM com.hibegin.http.server.SimpleWebServer listener
INFO: SimpleWebServer is run version -> 0.2
May 28, 2019 5:52:24 PM com.hibegin.http.server.SimpleWebServer listener
SEVERE: 
java.nio.channels.ClosedSelectorException
	at sun.nio.ch.SelectorImpl.selectedKeys(SelectorImpl.java:74)
	at com.hibegin.http.server.SimpleWebServer.listener(SimpleWebServer.java:114)
	at com.hibegin.http.server.WebServerBuilder$1.run(WebServerBuilder.java:74)

May 28, 2019 5:52:24 PM com.hibegin.http.server.SimpleWebServer destroy
INFO: close webServer success
