May 15, 2019 8:12:33 PM com.hibegin.http.server.SimpleWebServer create
INFO: SimpleWebServer listening on port -> 20189
May 15, 2019 8:12:33 PM com.hibegin.http.server.SimpleWebServer listener
INFO: SimpleWebServer is run version -> 0.2
May 15, 2019 8:16:38 PM com.hibegin.http.server.SimpleWebServer listener
SEVERE: 
java.nio.channels.ClosedSelectorException
	at sun.nio.ch.SelectorImpl.selectedKeys(SelectorImpl.java:74)
	at com.hibegin.http.server.SimpleWebServer.listener(SimpleWebServer.java:114)
	at com.hibegin.http.server.WebServerBuilder$1.run(WebServerBuilder.java:74)

May 15, 2019 8:16:38 PM com.hibegin.http.server.SimpleWebServer destroy
INFO: close webServer success
May 15, 2019 8:16:53 PM com.hibegin.http.server.SimpleWebServer create
INFO: SimpleWebServer listening on port -> 27737
May 15, 2019 8:16:54 PM com.hibegin.http.server.SimpleWebServer listener
INFO: SimpleWebServer is run version -> 0.2
May 15, 2019 8:22:02 PM com.hibegin.http.server.SimpleWebServer create
INFO: SimpleWebServer listening on port -> 28647
May 15, 2019 8:22:02 PM com.hibegin.http.server.SimpleWebServer listener
INFO: SimpleWebServer is run version -> 0.2
May 16, 2019 11:14:34 AM com.hibegin.http.server.SimpleWebServer listener
SEVERE: 
java.nio.channels.ClosedSelectorException
	at sun.nio.ch.SelectorImpl.selectedKeys(SelectorImpl.java:74)
	at com.hibegin.http.server.SimpleWebServer.listener(SimpleWebServer.java:114)
	at com.hibegin.http.server.WebServerBuilder$1.run(WebServerBuilder.java:74)

