May 28, 2019 5:52:53 PM com.fzb.zrlog.plugin.server.Application main
INFO: args = [20458, 40458, /opt/apache-tomcat-8.5.24/webapps/ROOT/WEB-INF/db.properties, /opt/apache-tomcat-8.5.24/webapps/ROOT/WEB-INF/plugins/jars, 50458, /opt/apache-tomcat-8.5.24/webapps/ROOT, 1.x-dev]
May 28, 2019 5:52:54 PM com.fzb.common.dao.impl.DAO queryFirst
FINER: select value from website where 1=1 and name=?
May 28, 2019 5:52:54 PM com.fzb.zrlog.plugin.server.impl.NioServer create
INFO: plugin listening on port -> 40458
May 28, 2019 5:52:54 PM com.fzb.zrlog.plugin.server.impl.NioServer create
INFO: load jar files
May 28, 2019 5:52:55 PM com.fzb.common.dao.impl.DAO queryFirst
FINER: select value from website where 1=1 and name=?
May 28, 2019 5:52:55 PM com.fzb.common.dao.impl.DAO update
FINER: update website set  value=? where 1=1 and name=?
May 28, 2019 5:54:59 PM com.fzb.zrlog.plugin.server.Application main
INFO: args = [29206, 49206, /opt/apache-tomcat-8.5.24/webapps/ROOT/WEB-INF/db.properties, /opt/apache-tomcat-8.5.24/webapps/ROOT/WEB-INF/plugins/jars, 59206, /opt/apache-tomcat-8.5.24/webapps/ROOT, 1.x-dev]
May 28, 2019 5:55:00 PM com.fzb.common.dao.impl.DAO queryFirst
FINER: select value from website where 1=1 and name=?
May 28, 2019 5:55:00 PM com.fzb.zrlog.plugin.server.impl.NioServer create
INFO: plugin listening on port -> 49206
May 28, 2019 5:55:00 PM com.fzb.zrlog.plugin.server.impl.NioServer create
INFO: load jar files
May 28, 2019 5:55:01 PM com.fzb.common.dao.impl.DAO queryFirst
FINER: select value from website where 1=1 and name=?
May 28, 2019 5:55:01 PM com.fzb.common.dao.impl.DAO update
FINER: update website set  value=? where 1=1 and name=?
May 28, 2019 5:55:42 PM com.fzb.zrlog.plugin.server.Application main
INFO: args = [22829, 42829, /opt/apache-tomcat-8.5.24/webapps/ROOT/WEB-INF/db.properties, /opt/apache-tomcat-8.5.24/webapps/ROOT/WEB-INF/plugins/jars, 52829, /opt/apache-tomcat-8.5.24/webapps/ROOT, 1.x-dev]
May 28, 2019 5:55:43 PM com.fzb.common.dao.impl.DAO queryFirst
FINER: select value from website where 1=1 and name=?
May 28, 2019 5:55:44 PM com.fzb.zrlog.plugin.server.impl.NioServer create
INFO: plugin listening on port -> 42829
May 28, 2019 5:55:44 PM com.fzb.zrlog.plugin.server.impl.NioServer create
INFO: load jar files
May 28, 2019 5:55:44 PM com.fzb.common.dao.impl.DAO queryFirst
FINER: select value from website where 1=1 and name=?
May 28, 2019 5:55:44 PM com.fzb.common.dao.impl.DAO update
FINER: update website set  value=? where 1=1 and name=?
