May 16, 2019 11:15:55 AM com.fzb.zrlog.plugin.server.Application main
INFO: args = [29317, 49317, /opt/apache-tomcat-8.5.24/webapps/ROOT/WEB-INF/db.properties, /opt/apache-tomcat-8.5.24/webapps/ROOT/WEB-INF/plugins/jars, 59317, /opt/apache-tomcat-8.5.24/webapps/ROOT, 1.x-dev]
May 16, 2019 11:15:56 AM com.fzb.common.dao.impl.DAO queryFirst
FINER: select value from website where 1=1 and name=?
May 16, 2019 11:15:56 AM com.fzb.zrlog.plugin.server.impl.NioServer create
INFO: plugin listening on port -> 49317
May 16, 2019 11:15:56 AM com.fzb.zrlog.plugin.server.impl.NioServer create
INFO: load jar files
May 16, 2019 11:15:57 AM com.fzb.common.dao.impl.DAO queryFirst
FINER: select value from website where 1=1 and name=?
May 16, 2019 11:15:57 AM com.fzb.common.dao.impl.DAO update
FINER: update website set  value=? where 1=1 and name=?
May 16, 2019 11:31:37 AM com.fzb.zrlog.plugin.server.Application main
INFO: args = [22072, 42072, /opt/apache-tomcat-8.5.24/webapps/ROOT/WEB-INF/db.properties, /opt/apache-tomcat-8.5.24/webapps/ROOT/WEB-INF/plugins/jars, 52072, /opt/apache-tomcat-8.5.24/webapps/ROOT, 1.x-dev]
May 16, 2019 11:31:38 AM com.fzb.common.dao.impl.DAO queryFirst
FINER: select value from website where 1=1 and name=?
May 16, 2019 11:31:38 AM com.fzb.zrlog.plugin.server.impl.NioServer create
INFO: plugin listening on port -> 42072
May 16, 2019 11:31:38 AM com.fzb.zrlog.plugin.server.impl.NioServer create
INFO: load jar files
May 16, 2019 11:31:38 AM com.fzb.common.dao.impl.DAO queryFirst
FINER: select value from website where 1=1 and name=?
May 16, 2019 11:31:38 AM com.fzb.common.dao.impl.DAO update
FINER: update website set  value=? where 1=1 and name=?
May 16, 2019 11:44:19 AM com.fzb.zrlog.plugin.server.Application main
INFO: args = [28246, 48246, /opt/apache-tomcat-8.5.24/webapps/ROOT/WEB-INF/db.properties, /opt/apache-tomcat-8.5.24/webapps/ROOT/WEB-INF/plugins/jars, 58246, /opt/apache-tomcat-8.5.24/webapps/ROOT, 1.x-dev]
May 16, 2019 11:44:24 AM com.fzb.common.dao.impl.DAO queryFirst
FINER: select value from website where 1=1 and name=?
May 16, 2019 11:44:24 AM com.fzb.zrlog.plugin.server.impl.NioServer create
INFO: plugin listening on port -> 48246
May 16, 2019 11:44:24 AM com.fzb.zrlog.plugin.server.impl.NioServer create
INFO: load jar files
May 16, 2019 11:44:26 AM com.fzb.common.dao.impl.DAO queryFirst
FINER: select value from website where 1=1 and name=?
May 16, 2019 11:44:26 AM com.fzb.common.dao.impl.DAO update
FINER: update website set  value=? where 1=1 and name=?
May 16, 2019 11:52:36 AM com.fzb.zrlog.plugin.server.Application main
INFO: args = [23814, 43814, /opt/apache-tomcat-8.5.24/webapps/ROOT/WEB-INF/db.properties, /opt/apache-tomcat-8.5.24/webapps/ROOT/WEB-INF/plugins/jars, 53814, /opt/apache-tomcat-8.5.24/webapps/ROOT, 1.x-dev]
May 16, 2019 11:52:37 AM com.fzb.common.dao.impl.DAO queryFirst
FINER: select value from website where 1=1 and name=?
May 16, 2019 11:52:37 AM com.fzb.zrlog.plugin.server.impl.NioServer create
INFO: plugin listening on port -> 43814
May 16, 2019 11:52:37 AM com.fzb.zrlog.plugin.server.impl.NioServer create
INFO: load jar files
May 16, 2019 11:52:37 AM com.fzb.common.dao.impl.DAO queryFirst
FINER: select value from website where 1=1 and name=?
May 16, 2019 11:52:37 AM com.fzb.common.dao.impl.DAO update
FINER: update website set  value=? where 1=1 and name=?
