Apr 30, 2019 1:20:00 PM com.fzb.zrlog.plugin.server.Application main
INFO: args = [26052, 46052, /opt/apache-tomcat-8.5.24/webapps/ROOT/WEB-INF/db.properties, /opt/apache-tomcat-8.5.24/webapps/ROOT/WEB-INF/plugins/jars, 56052, /opt/apache-tomcat-8.5.24/webapps/ROOT, 1.x-dev]
Apr 30, 2019 1:20:02 PM com.fzb.common.dao.impl.DAO queryFirst
FINER: select value from website where 1=1 and name=?
Apr 30, 2019 1:20:02 PM com.fzb.zrlog.plugin.server.impl.NioServer create
INFO: plugin listening on port -> 46052
Apr 30, 2019 1:20:02 PM com.fzb.zrlog.plugin.server.impl.NioServer create
INFO: load jar files
Apr 30, 2019 1:20:03 PM com.fzb.common.dao.impl.DAO queryFirst
FINER: select value from website where 1=1 and name=?
Apr 30, 2019 1:20:03 PM com.fzb.common.dao.impl.DAO update
FINER: update website set  value=? where 1=1 and name=?
Apr 30, 2019 4:14:49 PM com.fzb.zrlog.plugin.server.Application main
INFO: args = [29093, 49093, /opt/apache-tomcat-8.5.24/webapps/ROOT/WEB-INF/db.properties, /opt/apache-tomcat-8.5.24/webapps/ROOT/WEB-INF/plugins/jars, 59093, /opt/apache-tomcat-8.5.24/webapps/ROOT, 1.x-dev]
Apr 30, 2019 4:14:52 PM com.fzb.common.dao.impl.DAO queryFirst
FINER: select value from website where 1=1 and name=?
Apr 30, 2019 4:14:52 PM com.fzb.zrlog.plugin.server.impl.NioServer create
INFO: plugin listening on port -> 49093
Apr 30, 2019 4:14:52 PM com.fzb.zrlog.plugin.server.impl.NioServer create
INFO: load jar files
Apr 30, 2019 4:14:53 PM com.fzb.common.dao.impl.DAO queryFirst
FINER: select value from website where 1=1 and name=?
Apr 30, 2019 4:14:53 PM com.fzb.common.dao.impl.DAO update
FINER: update website set  value=? where 1=1 and name=?
